<?xml version="1.0" encoding="UTF-8"?>
<!-- Generated by org.testng.reporters.JUnitReportReporter -->
<testsuite skipped="0" hostname="Shivam" name="practice.RESTAPITest" tests="2" failures="0" timestamp="27 Jul 2019 11:32:29 GMT" time="0.009" errors="0">
  <testcase name="deleteTwitter" time="0.009" classname="practice.RESTAPITest"/>
  <testcase name="postJira" time="0.000" classname="practice.RESTAPITest"/>
</testsuite> <!-- practice.RESTAPITest -->
