<?xml version="1.0" encoding="UTF-8"?>
<!-- Generated by org.testng.reporters.JUnitReportReporter -->
<testsuite skipped="0" hostname="Shivam" name="practice.SeleniumTest" tests="2" failures="0" timestamp="27 Jul 2019 11:32:29 GMT" time="0.000" errors="0">
  <testcase name="BrowserAUtomation" time="0.000" classname="practice.SeleniumTest"/>
  <testcase name="elementsUi" time="0.000" classname="practice.SeleniumTest"/>
</testsuite> <!-- practice.SeleniumTest -->
